<?xml version="1.0" encoding="UTF-8"?>
<!-- Generated by org.testng.reporters.JUnitReportReporter -->
<testsuite hostname="LAPTOP-OPDRACTK" failures="0" tests="1" name="qeemtee.admin.loginPageTest" time="8.252" errors="0" timestamp="23 May 2019 06:34:22 GMT" skipped="0">
  <testcase classname="qeemtee.admin.loginPageTest" name="loginTest" time="8.252"/>
</testsuite> <!-- qeemtee.admin.loginPageTest -->
