<?xml version="1.0" encoding="UTF-8"?>
<!-- Generated by org.testng.reporters.JUnitReportReporter -->
<testsuite hostname="LAPTOP-OPDRACTK" failures="0" tests="1" name="qeemtee.admin.CataloguePageTest" time="22.155" errors="0" timestamp="22 May 2019 09:50:57 GMT" skipped="0">
  <testcase classname="qeemtee.admin.CataloguePageTest" name="addCategory" time="22.155"/>
</testsuite> <!-- qeemtee.admin.CataloguePageTest -->
