<?xml version="1.0" encoding="UTF-8"?>
<!-- Generated by org.testng.reporters.JUnitReportReporter -->
<testsuite hostname="LAPTOP-OPDRACTK" failures="0" tests="1" name="qeemtee.admin.merchantPageTest" time="20.840" errors="0" timestamp="27 May 2019 08:56:25 GMT" skipped="0">
  <testcase classname="qeemtee.admin.merchantPageTest" name="addCategory" time="20.840"/>
</testsuite> <!-- qeemtee.admin.merchantPageTest -->
